INFO:root:Batalla iniciada
INFO:root:Ejercito 1: 
INFO:root:Arquero (100 HP)
INFO:root:Arquero (100 HP)
INFO:root:Infanteria (150 HP)
INFO:root:Infanteria (150 HP)
INFO:root:Caballeria (200 HP)
INFO:root:Caballeria (200 HP)
INFO:root:Ejercito 2: 
INFO:root:Arquero (100 HP)
INFO:root:Arquero (100 HP)
INFO:root:Infanteria (150 HP)
INFO:root:Infanteria (150 HP)
INFO:root:Caballeria (200 HP)
INFO:root:Caballeria (200 HP)
INFO:root:Batalla iniciada
INFO:root:Ejercito 1: 
INFO:root:Arquero (100 HP)
INFO:root:Arquero (100 HP)
INFO:root:Infanteria (150 HP)
INFO:root:Infanteria (150 HP)
INFO:root:Caballeria (200 HP)
INFO:root:Caballeria (200 HP)
INFO:root:Ejercito 2: 
INFO:root:Arquero (100 HP)
INFO:root:Arquero (100 HP)
INFO:root:Infanteria (150 HP)
INFO:root:Infanteria (150 HP)
INFO:root:Caballeria (200 HP)
INFO:root:Caballeria (200 HP)
INFO:root:Batalla iniciada
INFO:root:Ejercito 1: 
INFO:root:Arquero (100 HP)
INFO:root:Arquero (100 HP)
INFO:root:Infanteria (150 HP)
INFO:root:Infanteria (150 HP)
INFO:root:Caballeria (200 HP)
INFO:root:Caballeria (200 HP)
INFO:root:Ejercito 2: 
INFO:root:Arquero (100 HP)
INFO:root:Arquero (100 HP)
INFO:root:Infanteria (150 HP)
INFO:root:Infanteria (150 HP)
INFO:root:Caballeria (200 HP)
INFO:root:Caballeria (200 HP)
